
This demo shows how HDP-HMMs can fail when the underlying data has state
persistence without some kind of temporal regularization (in the form of a
sticky bias or duration modeling): without setting the number of states to be
the correct number a priori, lots of extra states can be intsantiated.
BUT the effect is much more relevant on real data (when the data doesn't exactly
fit the model). Maybe this demo should use multinomial emissions...

[[ 0.63988197  0.23734331  0.13177016 ...,  0.47912964  0.02819723
   0.85756546]
 [ 0.67539233  0.24967274  0.1447317  ...,  0.43271875  0.02591749
   0.75666547]
 [ 0.5885455   0.33359346  0.1702946  ...,  0.30152977  0.01837562
   0.80012608]
 ..., 
 [ 0.79507035  0.33938718  0.11133152 ...,  0.56711036  0.15813065
   0.13273358]
 [ 0.71922231  0.30941242  0.13346133 ...,  0.49842814  0.17093968
   0.1670066 ]
 [ 0.78306139  0.32167816  0.14334086 ...,  0.50738698  0.17281772
   0.11980852]]
.........................  [  25/100,  152.71sec avg, ETA 03:10:53 ]
.........................  [  50/100,  152.15sec avg, ETA 02:06:48 ]
.........................  [  75/100,  153.61sec avg, ETA 01:04:00 ]
.........................  [ 100/100,  155.45sec avg, ETA 0.00 ]

 155.45sec avg, 04:19:05 total

.........................  [  25/100,  152.77sec avg, ETA 03:10:58 ]
.........................  [  50/100,  151.86sec avg, ETA 02:06:33 ]
.........................  [  75/100,  151.57sec avg, ETA 01:03:09 ]
.........................  [ 100/100,  151.43sec avg, ETA 0.00 ]

 151.43sec avg, 04:12:23 total

.........................  [  25/100,  152.86sec avg, ETA 03:11:05 ]
.........................  [  50/100,  152.80sec avg, ETA 02:07:20 ]
.........................  [  75/100,  152.80sec avg, ETA 01:03:40 ]
.........................  [ 100/100,  152.81sec avg, ETA 0.00 ]

 152.81sec avg, 04:14:41 total

